<?xml version="1.0" encoding="UTF-8"?>
<!-- Generated by org.testng.reporters.JUnitXMLReporter -->
<testsuite hostname="FRA36150" name="Default test" tests="2" failures="0" timestamp="19 Nov 2014 16:56:34 GMT" time="74.098" errors="0">
  <testcase name="LoginTest" time="43.786" classname="com.qtpselenium.framework.datadriven.PortFolioSuite.LoginTest"/>
  <testcase name="LoginTest" time="25.748" classname="com.qtpselenium.framework.datadriven.PortFolioSuite.LoginTest"/>
</testsuite> <!-- Default test -->
