<html xmlns:math="http://exslt.org/math" xmlns:testng="http://testng.org">
   <head>
      <title>TestNG XSLT Results</title>
      <meta http-equiv="content-type" content="text/html; charset=utf-8"></meta>
      <meta http-equiv="pragma" content="no-cache"></meta>
      <meta http-equiv="cache-control" content="max-age=0"></meta>
      <meta http-equiv="cache-control" content="no-cache"></meta>
      <meta http-equiv="cache-control" content="no-store"></meta>
      <LINK rel="stylesheet" href="style.css"></LINK>
      <script type="text/javascript" src="main.js"></script>
   </head>
   <body>
      <table width="100%" style="font-size: 16px; margin-bottom: 10px;" cellspacing="1">
         <tr>
            <td width="100%">
               Test case
               
               <b>Login Test</b>
            </td>
            <td style="background-color: #FFBBBB; padding: 3px 3px 3px 0;" align="center">
               <div style="width: 50px;">2</div>
            </td>
            <td style="background-color: lightgreen; padding: 3px 3px 3px 0;" align="center">
               <div style="width: 50px;">0</div>
            </td>
            <td style="background-color: #FFFFBB; padding: 3px 3px 3px 0;" align="center">
               <div style="width: 50px;">0</div>
            </td>
            <td align="center" style="background-color: #eaf0f7; padding: 3px 3px 3px 0;">
               <div style="width: 50px;">2</div>
            </td>
            <td align="center"
                style="font-weight: bold; background-color: #eaf0f7; padding: 3px 3px 3px 0;">
               <div style="width: 50px;">0%</div>
            </td>
            <td style="background-color: #eaf0f7; padding: 3px 3px 3px 0;" align="center"
                nowrap="true">3s
               
            </td>
         </tr>
      </table>
      <div style="width: 200px;">
         <label for="groupMethodsCheckBox" style="font-weight: bold; margin: 0;">
            <input id="groupMethodsCheckBox" type="checkbox" onclick="switchTestMethodsView(this)"></input>
            Group by class
            
         </label>
         <br></br>
         <label for="methodsFilter_ALL" style="font-weight: bold; margin: 0;">
            <input id="methodsFilter_ALL" type="checkbox"
                   onclick="testMethodsFilterChanged(this, 'ALL')"
                   checked=""></input>
            All
            
         </label>
      </div>
      <label for="methodsFilter_FAIL" style="margin-left: 20px;">
         <input id="methodsFilter_FAIL" type="checkbox"
                onclick="testMethodsFilterChanged(this, 'FAIL')"
                checked=""></input>
         Failed
         
      </label>
      <label for="methodsFilter_PASS">
         <input id="methodsFilter_PASS" type="checkbox"
                onclick="testMethodsFilterChanged(this, 'PASS')"
                checked=""></input>
         Passed
         
      </label>
      <label for="methodsFilter_SKIP">
         <input id="methodsFilter_SKIP" type="checkbox"
                onclick="testMethodsFilterChanged(this, 'SKIP')"
                checked=""></input>
         Skipped
         
      </label>
      <label for="methodsFilter_CONF">
         <input id="methodsFilter_CONF" type="checkbox"
                onclick="testMethodsFilterChanged(this, 'CONF')"
                checked=""></input>
         Config
         
      </label>
      <br></br>
      <div id="testMethodsByStatus">
         <table class="testMethodsTable" cellpadding="0" cellspacing="0">
            <tr class="methodsTableHeader">
               <td width="100%">Name</td>
               <td nowrap="true">Started</td>
               <td nowrap="true">Duration</td>
               <td>Exception</td>
            </tr>
            <tr id="com.qtpselenium.framework.datadriven.PortFolioSuite.LoginTest_LoginTest_byStatus_failed_FAIL1_row"
                class="testMethodStatusFAIL">
               <td width="100%" class="firstMethodCell">
                  <a onclick="toggleDetailsVisibility('com.qtpselenium.framework.datadriven.PortFolioSuite.LoginTest_LoginTest_byStatus_failed_FAIL1_details')">LoginTest({Password=C1, Runmode=Y, Comment=E1, UserName=B1, Expected_Result=D1, Browser=Firefox, Result=})</a>
               </td>
               <td nowrap="true">20:41:38</td>
               <td nowrap="true" align="right">2s
                  
               </td>
               <td nowrap="true">
                  <a onclick="toggleDetailsVisibility('com.qtpselenium.framework.datadriven.PortFolioSuite.LoginTest_LoginTest_byStatus_failed_FAIL1_exception')">java.lang.NoClassDefFoundError: 
                     org/w3c/dom/ElementTraversal
                     
                  </a>
                   
                  
               </td>
            </tr>
            <tr>
               <td colspan="4" class="detailsBox">
                  <div id="com.qtpselenium.framework.datadriven.PortFolioSuite.LoginTest_LoginTest_byStatus_failed_FAIL1_details"
                       class="testMethodDetails">
                     <div>
                        <b>Name: </b>LoginTest
                     </div>
                     <div>
                        <b>Signature: </b>LoginTest(java.util.Hashtable)[pri:0, instance:com.qtpselenium.framework.datadriven.PortFolioSuite.LoginTest@1a9bced]
                     </div>
                     <div>
                        <b>Parameters: </b>
                        
                        {Password=C1, Runmode=Y, Comment=E1, UserName=B1, Expected_Result=D1, Browser=Firefox, Result=}
                        
                        
                     </div>
                     <div>
                        <b>Start time: </b>20:41:38
                     </div>
                     <div>
                        <b>End time: </b>20:41:41
                     </div>
                     <div>
                        <b>Duration: </b>2s
                        
                     </div>
                  </div>
               </td>
            </tr>
            <tr>
               <td colspan="4" class="detailsBox">
                  <div id="com.qtpselenium.framework.datadriven.PortFolioSuite.LoginTest_LoginTest_byStatus_failed_FAIL1_exception"
                       class="testMethodDetails">
                     <pre style="padding: 5px; margin: 0;">java.lang.NoClassDefFoundError: org/w3c/dom/ElementTraversal
                        	at java.lang.ClassLoader.defineClass1(Native Method)
                        	at java.lang.ClassLoader.defineClass(ClassLoader.java:800)
                        	at java.security.SecureClassLoader.defineClass(SecureClassLoader.java:142)
                        	at java.net.URLClassLoader.defineClass(URLClassLoader.java:449)
                        	at java.net.URLClassLoader.access$100(URLClassLoader.java:71)
                        	at java.net.URLClassLoader$1.run(URLClassLoader.java:361)
                        	at java.net.URLClassLoader$1.run(URLClassLoader.java:355)
                        	at java.security.AccessController.doPrivileged(Native Method)
                        	at java.net.URLClassLoader.findClass(URLClassLoader.java:354)
                        	at java.lang.ClassLoader.loadClass(ClassLoader.java:425)
                        	at sun.misc.Launcher$AppClassLoader.loadClass(Launcher.java:308)
                        	at java.lang.ClassLoader.loadClass(ClassLoader.java:358)
                        	at org.apache.xerces.parsers.AbstractDOMParser.startDocument(Unknown Source)
                        	at org.apache.xerces.impl.dtd.XMLDTDValidator.startDocument(Unknown Source)
                        	at org.apache.xerces.impl.XMLDocumentScannerImpl.startEntity(Unknown Source)
                        	at org.apache.xerces.impl.XMLVersionDetector.startDocumentParsing(Unknown Source)
                        	at org.apache.xerces.parsers.XML11Configuration.parse(Unknown Source)
                        	at org.apache.xerces.parsers.XML11Configuration.parse(Unknown Source)
                        	at org.apache.xerces.parsers.XMLParser.parse(Unknown Source)
                        	at org.apache.xerces.parsers.DOMParser.parse(Unknown Source)
                        	at org.apache.xerces.jaxp.DocumentBuilderImpl.parse(Unknown Source)
                        	at javax.xml.parsers.DocumentBuilder.parse(DocumentBuilder.java:205)
                        	at org.openqa.selenium.firefox.internal.FileExtension.readIdFromInstallRdf(FileExtension.java:97)
                        	at org.openqa.selenium.firefox.internal.FileExtension.writeTo(FileExtension.java:60)
                        	at org.openqa.selenium.firefox.internal.ClasspathExtension.writeTo(ClasspathExtension.java:63)
                        	at org.openqa.selenium.firefox.FirefoxProfile.installExtensions(FirefoxProfile.java:425)
                        	at org.openqa.selenium.firefox.FirefoxProfile.layoutOnDisk(FirefoxProfile.java:403)
                        	at org.openqa.selenium.firefox.internal.NewProfileExtensionConnection.start(NewProfileExtensionConnection.java:89)
                        	at org.openqa.selenium.firefox.FirefoxDriver.startClient(FirefoxDriver.java:246)
                        	at org.openqa.selenium.remote.RemoteWebDriver.&lt;init&gt;(RemoteWebDriver.java:114)
                        	at org.openqa.selenium.firefox.FirefoxDriver.&lt;init&gt;(FirefoxDriver.java:191)
                        	at org.openqa.selenium.firefox.FirefoxDriver.&lt;init&gt;(FirefoxDriver.java:186)
                        	at org.openqa.selenium.firefox.FirefoxDriver.&lt;init&gt;(FirefoxDriver.java:182)
                        	at org.openqa.selenium.firefox.FirefoxDriver.&lt;init&gt;(FirefoxDriver.java:99)
                        	at com.qtpselenium.framework.datadriven.TestBase.openBrowser(TestBase.java:108)
                        	at com.qtpselenium.framework.datadriven.PortFolioSuite.LoginTest.LoginTest(LoginTest.java:23)
                        	at sun.reflect.NativeMethodAccessorImpl.invoke0(Native Method)
                        	at sun.reflect.NativeMethodAccessorImpl.invoke(NativeMethodAccessorImpl.java:57)
                        	at sun.reflect.DelegatingMethodAccessorImpl.invoke(DelegatingMethodAccessorImpl.java:43)
                        	at java.lang.reflect.Method.invoke(Method.java:606)
                        	at org.testng.internal.MethodInvocationHelper.invokeMethod(MethodInvocationHelper.java:84)
                        	at org.testng.internal.Invoker.invokeMethod(Invoker.java:714)
                        	at org.testng.internal.Invoker.invokeTestMethod(Invoker.java:901)
                        	at org.testng.internal.Invoker.invokeTestMethods(Invoker.java:1231)
                        	at org.testng.internal.TestMethodWorker.invokeTestMethods(TestMethodWorker.java:127)
                        	at org.testng.internal.TestMethodWorker.run(TestMethodWorker.java:111)
                        	at org.testng.TestRunner.privateRun(TestRunner.java:767)
                        	at org.testng.TestRunner.run(TestRunner.java:617)
                        	at org.testng.SuiteRunner.runTest(SuiteRunner.java:348)
                        	at org.testng.SuiteRunner.runSequentially(SuiteRunner.java:343)
                        	at org.testng.SuiteRunner.privateRun(SuiteRunner.java:305)
                        	at org.testng.SuiteRunner.run(SuiteRunner.java:254)
                        	at org.testng.SuiteRunnerWorker.runSuite(SuiteRunnerWorker.java:52)
                        	at org.testng.SuiteRunnerWorker.run(SuiteRunnerWorker.java:86)
                        	at org.testng.TestNG.runSuitesSequentially(TestNG.java:1224)
                        	at org.testng.TestNG.runSuitesSequentially(TestNG.java:1220)
                        	at org.testng.TestNG.runSuitesLocally(TestNG.java:1149)
                        	at org.testng.TestNG.run(TestNG.java:1057)
                        	at org.apache.maven.surefire.testng.TestNGExecutor.run(TestNGExecutor.java:295)
                        	at org.apache.maven.surefire.testng.TestNGXmlTestSuite.execute(TestNGXmlTestSuite.java:84)
                        	at org.apache.maven.surefire.testng.TestNGProvider.invoke(TestNGProvider.java:90)
                        	at org.apache.maven.surefire.booter.ForkedBooter.invokeProviderInSameClassLoader(ForkedBooter.java:203)
                        	at org.apache.maven.surefire.booter.ForkedBooter.runSuitesInProcess(ForkedBooter.java:155)
                        	at org.apache.maven.surefire.booter.ForkedBooter.main(ForkedBooter.java:103)
                        Caused by: java.lang.ClassNotFoundException: org.w3c.dom.ElementTraversal
                        	at java.net.URLClassLoader$1.run(URLClassLoader.java:366)
                        	at java.net.URLClassLoader$1.run(URLClassLoader.java:355)
                        	at java.security.AccessController.doPrivileged(Native Method)
                        	at java.net.URLClassLoader.findClass(URLClassLoader.java:354)
                        	at java.lang.ClassLoader.loadClass(ClassLoader.java:425)
                        	at sun.misc.Launcher$AppClassLoader.loadClass(Launcher.java:308)
                        	at java.lang.ClassLoader.loadClass(ClassLoader.java:358)
                        	... 64 more
                     </pre>
                  </div>
               </td>
            </tr>
            <tr id="com.qtpselenium.framework.datadriven.PortFolioSuite.LoginTest_LoginTest_byStatus_failed_FAIL2_row"
                class="testMethodStatusFAIL">
               <td width="100%" class="firstMethodCell">
                  <a onclick="toggleDetailsVisibility('com.qtpselenium.framework.datadriven.PortFolioSuite.LoginTest_LoginTest_byStatus_failed_FAIL2_details')">LoginTest({Password=C2, Runmode=Y, Comment=E2, UserName=B2, Expected_Result=D2, Browser=Firefox, Result=})</a>
               </td>
               <td nowrap="true">20:41:41</td>
               <td nowrap="true" align="right">922 ms
                  
               </td>
               <td nowrap="true">
                  <a onclick="toggleDetailsVisibility('com.qtpselenium.framework.datadriven.PortFolioSuite.LoginTest_LoginTest_byStatus_failed_FAIL2_exception')">java.lang.NoClassDefFoundError: 
                     org/w3c/dom/ElementTraversal
                     
                  </a>
                   
                  
               </td>
            </tr>
            <tr>
               <td colspan="4" class="detailsBox">
                  <div id="com.qtpselenium.framework.datadriven.PortFolioSuite.LoginTest_LoginTest_byStatus_failed_FAIL2_details"
                       class="testMethodDetails">
                     <div>
                        <b>Name: </b>LoginTest
                     </div>
                     <div>
                        <b>Signature: </b>LoginTest(java.util.Hashtable)[pri:0, instance:com.qtpselenium.framework.datadriven.PortFolioSuite.LoginTest@1a9bced]
                     </div>
                     <div>
                        <b>Parameters: </b>
                        
                        {Password=C2, Runmode=Y, Comment=E2, UserName=B2, Expected_Result=D2, Browser=Firefox, Result=}
                        
                        
                     </div>
                     <div>
                        <b>Start time: </b>20:41:41
                     </div>
                     <div>
                        <b>End time: </b>20:41:42
                     </div>
                     <div>
                        <b>Duration: </b>922 ms
                        
                     </div>
                  </div>
               </td>
            </tr>
            <tr>
               <td colspan="4" class="detailsBox">
                  <div id="com.qtpselenium.framework.datadriven.PortFolioSuite.LoginTest_LoginTest_byStatus_failed_FAIL2_exception"
                       class="testMethodDetails">
                     <pre style="padding: 5px; margin: 0;">java.lang.NoClassDefFoundError: org/w3c/dom/ElementTraversal
                        	at java.lang.ClassLoader.defineClass1(Native Method)
                        	at java.lang.ClassLoader.defineClass(ClassLoader.java:800)
                        	at java.security.SecureClassLoader.defineClass(SecureClassLoader.java:142)
                        	at java.net.URLClassLoader.defineClass(URLClassLoader.java:449)
                        	at java.net.URLClassLoader.access$100(URLClassLoader.java:71)
                        	at java.net.URLClassLoader$1.run(URLClassLoader.java:361)
                        	at java.net.URLClassLoader$1.run(URLClassLoader.java:355)
                        	at java.security.AccessController.doPrivileged(Native Method)
                        	at java.net.URLClassLoader.findClass(URLClassLoader.java:354)
                        	at java.lang.ClassLoader.loadClass(ClassLoader.java:425)
                        	at sun.misc.Launcher$AppClassLoader.loadClass(Launcher.java:308)
                        	at java.lang.ClassLoader.loadClass(ClassLoader.java:358)
                        	at org.apache.xerces.parsers.AbstractDOMParser.startDocument(Unknown Source)
                        	at org.apache.xerces.impl.dtd.XMLDTDValidator.startDocument(Unknown Source)
                        	at org.apache.xerces.impl.XMLDocumentScannerImpl.startEntity(Unknown Source)
                        	at org.apache.xerces.impl.XMLVersionDetector.startDocumentParsing(Unknown Source)
                        	at org.apache.xerces.parsers.XML11Configuration.parse(Unknown Source)
                        	at org.apache.xerces.parsers.XML11Configuration.parse(Unknown Source)
                        	at org.apache.xerces.parsers.XMLParser.parse(Unknown Source)
                        	at org.apache.xerces.parsers.DOMParser.parse(Unknown Source)
                        	at org.apache.xerces.jaxp.DocumentBuilderImpl.parse(Unknown Source)
                        	at javax.xml.parsers.DocumentBuilder.parse(DocumentBuilder.java:205)
                        	at org.openqa.selenium.firefox.internal.FileExtension.readIdFromInstallRdf(FileExtension.java:97)
                        	at org.openqa.selenium.firefox.internal.FileExtension.writeTo(FileExtension.java:60)
                        	at org.openqa.selenium.firefox.internal.ClasspathExtension.writeTo(ClasspathExtension.java:63)
                        	at org.openqa.selenium.firefox.FirefoxProfile.installExtensions(FirefoxProfile.java:425)
                        	at org.openqa.selenium.firefox.FirefoxProfile.layoutOnDisk(FirefoxProfile.java:403)
                        	at org.openqa.selenium.firefox.internal.NewProfileExtensionConnection.start(NewProfileExtensionConnection.java:89)
                        	at org.openqa.selenium.firefox.FirefoxDriver.startClient(FirefoxDriver.java:246)
                        	at org.openqa.selenium.remote.RemoteWebDriver.&lt;init&gt;(RemoteWebDriver.java:114)
                        	at org.openqa.selenium.firefox.FirefoxDriver.&lt;init&gt;(FirefoxDriver.java:191)
                        	at org.openqa.selenium.firefox.FirefoxDriver.&lt;init&gt;(FirefoxDriver.java:186)
                        	at org.openqa.selenium.firefox.FirefoxDriver.&lt;init&gt;(FirefoxDriver.java:182)
                        	at org.openqa.selenium.firefox.FirefoxDriver.&lt;init&gt;(FirefoxDriver.java:99)
                        	at com.qtpselenium.framework.datadriven.TestBase.openBrowser(TestBase.java:108)
                        	at com.qtpselenium.framework.datadriven.PortFolioSuite.LoginTest.LoginTest(LoginTest.java:23)
                        	at sun.reflect.NativeMethodAccessorImpl.invoke0(Native Method)
                        	at sun.reflect.NativeMethodAccessorImpl.invoke(NativeMethodAccessorImpl.java:57)
                        	at sun.reflect.DelegatingMethodAccessorImpl.invoke(DelegatingMethodAccessorImpl.java:43)
                        	at java.lang.reflect.Method.invoke(Method.java:606)
                        	at org.testng.internal.MethodInvocationHelper.invokeMethod(MethodInvocationHelper.java:84)
                        	at org.testng.internal.Invoker.invokeMethod(Invoker.java:714)
                        	at org.testng.internal.Invoker.invokeTestMethod(Invoker.java:901)
                        	at org.testng.internal.Invoker.invokeTestMethods(Invoker.java:1231)
                        	at org.testng.internal.TestMethodWorker.invokeTestMethods(TestMethodWorker.java:127)
                        	at org.testng.internal.TestMethodWorker.run(TestMethodWorker.java:111)
                        	at org.testng.TestRunner.privateRun(TestRunner.java:767)
                        	at org.testng.TestRunner.run(TestRunner.java:617)
                        	at org.testng.SuiteRunner.runTest(SuiteRunner.java:348)
                        	at org.testng.SuiteRunner.runSequentially(SuiteRunner.java:343)
                        	at org.testng.SuiteRunner.privateRun(SuiteRunner.java:305)
                        	at org.testng.SuiteRunner.run(SuiteRunner.java:254)
                        	at org.testng.SuiteRunnerWorker.runSuite(SuiteRunnerWorker.java:52)
                        	at org.testng.SuiteRunnerWorker.run(SuiteRunnerWorker.java:86)
                        	at org.testng.TestNG.runSuitesSequentially(TestNG.java:1224)
                        	at org.testng.TestNG.runSuitesSequentially(TestNG.java:1220)
                        	at org.testng.TestNG.runSuitesLocally(TestNG.java:1149)
                        	at org.testng.TestNG.run(TestNG.java:1057)
                        	at org.apache.maven.surefire.testng.TestNGExecutor.run(TestNGExecutor.java:295)
                        	at org.apache.maven.surefire.testng.TestNGXmlTestSuite.execute(TestNGXmlTestSuite.java:84)
                        	at org.apache.maven.surefire.testng.TestNGProvider.invoke(TestNGProvider.java:90)
                        	at org.apache.maven.surefire.booter.ForkedBooter.invokeProviderInSameClassLoader(ForkedBooter.java:203)
                        	at org.apache.maven.surefire.booter.ForkedBooter.runSuitesInProcess(ForkedBooter.java:155)
                        	at org.apache.maven.surefire.booter.ForkedBooter.main(ForkedBooter.java:103)
                        Caused by: java.lang.ClassNotFoundException: org.w3c.dom.ElementTraversal
                        	at java.net.URLClassLoader$1.run(URLClassLoader.java:366)
                        	at java.net.URLClassLoader$1.run(URLClassLoader.java:355)
                        	at java.security.AccessController.doPrivileged(Native Method)
                        	at java.net.URLClassLoader.findClass(URLClassLoader.java:354)
                        	at java.lang.ClassLoader.loadClass(ClassLoader.java:425)
                        	at sun.misc.Launcher$AppClassLoader.loadClass(Launcher.java:308)
                        	at java.lang.ClassLoader.loadClass(ClassLoader.java:358)
                        	... 64 more
                     </pre>
                  </div>
               </td>
            </tr>
         </table>
      </div>
      <div id="testMethodsByClass" style="display: none;">
         <table class="testMethodsTable" cellpadding="0" cellspacing="0">
            <tr>
               <td colspan="4">
                  <h3 style="display: inline;">com.qtpselenium.framework.datadriven.PortFolioSuite.LoginTest</h3>
               </td>
            </tr>
            <tr class="methodsTableHeader">
               <td width="100%">Name</td>
               <td nowrap="true">Started</td>
               <td nowrap="true">Duration</td>
               <td>Exception</td>
            </tr>
            <tr id="com.qtpselenium.framework.datadriven.PortFolioSuite.LoginTest_LoginTest_byClass_FAIL1_row"
                class="testMethodStatusFAIL">
               <td width="100%" class="firstMethodCell">
                  <a onclick="toggleDetailsVisibility('com.qtpselenium.framework.datadriven.PortFolioSuite.LoginTest_LoginTest_byClass_FAIL1_details')">LoginTest({Password=C1, Runmode=Y, Comment=E1, UserName=B1, Expected_Result=D1, Browser=Firefox, Result=})</a>
               </td>
               <td nowrap="true">20:41:38</td>
               <td nowrap="true" align="right">2s
                  
               </td>
               <td nowrap="true">
                  <a onclick="toggleDetailsVisibility('com.qtpselenium.framework.datadriven.PortFolioSuite.LoginTest_LoginTest_byClass_FAIL1_exception')">java.lang.NoClassDefFoundError: 
                     org/w3c/dom/ElementTraversal
                     
                  </a>
                   
                  
               </td>
            </tr>
            <tr>
               <td colspan="4" class="detailsBox">
                  <div id="com.qtpselenium.framework.datadriven.PortFolioSuite.LoginTest_LoginTest_byClass_FAIL1_details"
                       class="testMethodDetails">
                     <div>
                        <b>Name: </b>LoginTest
                     </div>
                     <div>
                        <b>Signature: </b>LoginTest(java.util.Hashtable)[pri:0, instance:com.qtpselenium.framework.datadriven.PortFolioSuite.LoginTest@1a9bced]
                     </div>
                     <div>
                        <b>Parameters: </b>
                        
                        {Password=C1, Runmode=Y, Comment=E1, UserName=B1, Expected_Result=D1, Browser=Firefox, Result=}
                        
                        
                     </div>
                     <div>
                        <b>Start time: </b>20:41:38
                     </div>
                     <div>
                        <b>End time: </b>20:41:41
                     </div>
                     <div>
                        <b>Duration: </b>2s
                        
                     </div>
                  </div>
               </td>
            </tr>
            <tr>
               <td colspan="4" class="detailsBox">
                  <div id="com.qtpselenium.framework.datadriven.PortFolioSuite.LoginTest_LoginTest_byClass_FAIL1_exception"
                       class="testMethodDetails">
                     <pre style="padding: 5px; margin: 0;">java.lang.NoClassDefFoundError: org/w3c/dom/ElementTraversal
                        	at java.lang.ClassLoader.defineClass1(Native Method)
                        	at java.lang.ClassLoader.defineClass(ClassLoader.java:800)
                        	at java.security.SecureClassLoader.defineClass(SecureClassLoader.java:142)
                        	at java.net.URLClassLoader.defineClass(URLClassLoader.java:449)
                        	at java.net.URLClassLoader.access$100(URLClassLoader.java:71)
                        	at java.net.URLClassLoader$1.run(URLClassLoader.java:361)
                        	at java.net.URLClassLoader$1.run(URLClassLoader.java:355)
                        	at java.security.AccessController.doPrivileged(Native Method)
                        	at java.net.URLClassLoader.findClass(URLClassLoader.java:354)
                        	at java.lang.ClassLoader.loadClass(ClassLoader.java:425)
                        	at sun.misc.Launcher$AppClassLoader.loadClass(Launcher.java:308)
                        	at java.lang.ClassLoader.loadClass(ClassLoader.java:358)
                        	at org.apache.xerces.parsers.AbstractDOMParser.startDocument(Unknown Source)
                        	at org.apache.xerces.impl.dtd.XMLDTDValidator.startDocument(Unknown Source)
                        	at org.apache.xerces.impl.XMLDocumentScannerImpl.startEntity(Unknown Source)
                        	at org.apache.xerces.impl.XMLVersionDetector.startDocumentParsing(Unknown Source)
                        	at org.apache.xerces.parsers.XML11Configuration.parse(Unknown Source)
                        	at org.apache.xerces.parsers.XML11Configuration.parse(Unknown Source)
                        	at org.apache.xerces.parsers.XMLParser.parse(Unknown Source)
                        	at org.apache.xerces.parsers.DOMParser.parse(Unknown Source)
                        	at org.apache.xerces.jaxp.DocumentBuilderImpl.parse(Unknown Source)
                        	at javax.xml.parsers.DocumentBuilder.parse(DocumentBuilder.java:205)
                        	at org.openqa.selenium.firefox.internal.FileExtension.readIdFromInstallRdf(FileExtension.java:97)
                        	at org.openqa.selenium.firefox.internal.FileExtension.writeTo(FileExtension.java:60)
                        	at org.openqa.selenium.firefox.internal.ClasspathExtension.writeTo(ClasspathExtension.java:63)
                        	at org.openqa.selenium.firefox.FirefoxProfile.installExtensions(FirefoxProfile.java:425)
                        	at org.openqa.selenium.firefox.FirefoxProfile.layoutOnDisk(FirefoxProfile.java:403)
                        	at org.openqa.selenium.firefox.internal.NewProfileExtensionConnection.start(NewProfileExtensionConnection.java:89)
                        	at org.openqa.selenium.firefox.FirefoxDriver.startClient(FirefoxDriver.java:246)
                        	at org.openqa.selenium.remote.RemoteWebDriver.&lt;init&gt;(RemoteWebDriver.java:114)
                        	at org.openqa.selenium.firefox.FirefoxDriver.&lt;init&gt;(FirefoxDriver.java:191)
                        	at org.openqa.selenium.firefox.FirefoxDriver.&lt;init&gt;(FirefoxDriver.java:186)
                        	at org.openqa.selenium.firefox.FirefoxDriver.&lt;init&gt;(FirefoxDriver.java:182)
                        	at org.openqa.selenium.firefox.FirefoxDriver.&lt;init&gt;(FirefoxDriver.java:99)
                        	at com.qtpselenium.framework.datadriven.TestBase.openBrowser(TestBase.java:108)
                        	at com.qtpselenium.framework.datadriven.PortFolioSuite.LoginTest.LoginTest(LoginTest.java:23)
                        	at sun.reflect.NativeMethodAccessorImpl.invoke0(Native Method)
                        	at sun.reflect.NativeMethodAccessorImpl.invoke(NativeMethodAccessorImpl.java:57)
                        	at sun.reflect.DelegatingMethodAccessorImpl.invoke(DelegatingMethodAccessorImpl.java:43)
                        	at java.lang.reflect.Method.invoke(Method.java:606)
                        	at org.testng.internal.MethodInvocationHelper.invokeMethod(MethodInvocationHelper.java:84)
                        	at org.testng.internal.Invoker.invokeMethod(Invoker.java:714)
                        	at org.testng.internal.Invoker.invokeTestMethod(Invoker.java:901)
                        	at org.testng.internal.Invoker.invokeTestMethods(Invoker.java:1231)
                        	at org.testng.internal.TestMethodWorker.invokeTestMethods(TestMethodWorker.java:127)
                        	at org.testng.internal.TestMethodWorker.run(TestMethodWorker.java:111)
                        	at org.testng.TestRunner.privateRun(TestRunner.java:767)
                        	at org.testng.TestRunner.run(TestRunner.java:617)
                        	at org.testng.SuiteRunner.runTest(SuiteRunner.java:348)
                        	at org.testng.SuiteRunner.runSequentially(SuiteRunner.java:343)
                        	at org.testng.SuiteRunner.privateRun(SuiteRunner.java:305)
                        	at org.testng.SuiteRunner.run(SuiteRunner.java:254)
                        	at org.testng.SuiteRunnerWorker.runSuite(SuiteRunnerWorker.java:52)
                        	at org.testng.SuiteRunnerWorker.run(SuiteRunnerWorker.java:86)
                        	at org.testng.TestNG.runSuitesSequentially(TestNG.java:1224)
                        	at org.testng.TestNG.runSuitesSequentially(TestNG.java:1220)
                        	at org.testng.TestNG.runSuitesLocally(TestNG.java:1149)
                        	at org.testng.TestNG.run(TestNG.java:1057)
                        	at org.apache.maven.surefire.testng.TestNGExecutor.run(TestNGExecutor.java:295)
                        	at org.apache.maven.surefire.testng.TestNGXmlTestSuite.execute(TestNGXmlTestSuite.java:84)
                        	at org.apache.maven.surefire.testng.TestNGProvider.invoke(TestNGProvider.java:90)
                        	at org.apache.maven.surefire.booter.ForkedBooter.invokeProviderInSameClassLoader(ForkedBooter.java:203)
                        	at org.apache.maven.surefire.booter.ForkedBooter.runSuitesInProcess(ForkedBooter.java:155)
                        	at org.apache.maven.surefire.booter.ForkedBooter.main(ForkedBooter.java:103)
                        Caused by: java.lang.ClassNotFoundException: org.w3c.dom.ElementTraversal
                        	at java.net.URLClassLoader$1.run(URLClassLoader.java:366)
                        	at java.net.URLClassLoader$1.run(URLClassLoader.java:355)
                        	at java.security.AccessController.doPrivileged(Native Method)
                        	at java.net.URLClassLoader.findClass(URLClassLoader.java:354)
                        	at java.lang.ClassLoader.loadClass(ClassLoader.java:425)
                        	at sun.misc.Launcher$AppClassLoader.loadClass(Launcher.java:308)
                        	at java.lang.ClassLoader.loadClass(ClassLoader.java:358)
                        	... 64 more
                     </pre>
                  </div>
               </td>
            </tr>
            <tr id="com.qtpselenium.framework.datadriven.PortFolioSuite.LoginTest_LoginTest_byClass_FAIL2_row"
                class="testMethodStatusFAIL">
               <td width="100%" class="firstMethodCell">
                  <a onclick="toggleDetailsVisibility('com.qtpselenium.framework.datadriven.PortFolioSuite.LoginTest_LoginTest_byClass_FAIL2_details')">LoginTest({Password=C2, Runmode=Y, Comment=E2, UserName=B2, Expected_Result=D2, Browser=Firefox, Result=})</a>
               </td>
               <td nowrap="true">20:41:41</td>
               <td nowrap="true" align="right">922 ms
                  
               </td>
               <td nowrap="true">
                  <a onclick="toggleDetailsVisibility('com.qtpselenium.framework.datadriven.PortFolioSuite.LoginTest_LoginTest_byClass_FAIL2_exception')">java.lang.NoClassDefFoundError: 
                     org/w3c/dom/ElementTraversal
                     
                  </a>
                   
                  
               </td>
            </tr>
            <tr>
               <td colspan="4" class="detailsBox">
                  <div id="com.qtpselenium.framework.datadriven.PortFolioSuite.LoginTest_LoginTest_byClass_FAIL2_details"
                       class="testMethodDetails">
                     <div>
                        <b>Name: </b>LoginTest
                     </div>
                     <div>
                        <b>Signature: </b>LoginTest(java.util.Hashtable)[pri:0, instance:com.qtpselenium.framework.datadriven.PortFolioSuite.LoginTest@1a9bced]
                     </div>
                     <div>
                        <b>Parameters: </b>
                        
                        {Password=C2, Runmode=Y, Comment=E2, UserName=B2, Expected_Result=D2, Browser=Firefox, Result=}
                        
                        
                     </div>
                     <div>
                        <b>Start time: </b>20:41:41
                     </div>
                     <div>
                        <b>End time: </b>20:41:42
                     </div>
                     <div>
                        <b>Duration: </b>922 ms
                        
                     </div>
                  </div>
               </td>
            </tr>
            <tr>
               <td colspan="4" class="detailsBox">
                  <div id="com.qtpselenium.framework.datadriven.PortFolioSuite.LoginTest_LoginTest_byClass_FAIL2_exception"
                       class="testMethodDetails">
                     <pre style="padding: 5px; margin: 0;">java.lang.NoClassDefFoundError: org/w3c/dom/ElementTraversal
                        	at java.lang.ClassLoader.defineClass1(Native Method)
                        	at java.lang.ClassLoader.defineClass(ClassLoader.java:800)
                        	at java.security.SecureClassLoader.defineClass(SecureClassLoader.java:142)
                        	at java.net.URLClassLoader.defineClass(URLClassLoader.java:449)
                        	at java.net.URLClassLoader.access$100(URLClassLoader.java:71)
                        	at java.net.URLClassLoader$1.run(URLClassLoader.java:361)
                        	at java.net.URLClassLoader$1.run(URLClassLoader.java:355)
                        	at java.security.AccessController.doPrivileged(Native Method)
                        	at java.net.URLClassLoader.findClass(URLClassLoader.java:354)
                        	at java.lang.ClassLoader.loadClass(ClassLoader.java:425)
                        	at sun.misc.Launcher$AppClassLoader.loadClass(Launcher.java:308)
                        	at java.lang.ClassLoader.loadClass(ClassLoader.java:358)
                        	at org.apache.xerces.parsers.AbstractDOMParser.startDocument(Unknown Source)
                        	at org.apache.xerces.impl.dtd.XMLDTDValidator.startDocument(Unknown Source)
                        	at org.apache.xerces.impl.XMLDocumentScannerImpl.startEntity(Unknown Source)
                        	at org.apache.xerces.impl.XMLVersionDetector.startDocumentParsing(Unknown Source)
                        	at org.apache.xerces.parsers.XML11Configuration.parse(Unknown Source)
                        	at org.apache.xerces.parsers.XML11Configuration.parse(Unknown Source)
                        	at org.apache.xerces.parsers.XMLParser.parse(Unknown Source)
                        	at org.apache.xerces.parsers.DOMParser.parse(Unknown Source)
                        	at org.apache.xerces.jaxp.DocumentBuilderImpl.parse(Unknown Source)
                        	at javax.xml.parsers.DocumentBuilder.parse(DocumentBuilder.java:205)
                        	at org.openqa.selenium.firefox.internal.FileExtension.readIdFromInstallRdf(FileExtension.java:97)
                        	at org.openqa.selenium.firefox.internal.FileExtension.writeTo(FileExtension.java:60)
                        	at org.openqa.selenium.firefox.internal.ClasspathExtension.writeTo(ClasspathExtension.java:63)
                        	at org.openqa.selenium.firefox.FirefoxProfile.installExtensions(FirefoxProfile.java:425)
                        	at org.openqa.selenium.firefox.FirefoxProfile.layoutOnDisk(FirefoxProfile.java:403)
                        	at org.openqa.selenium.firefox.internal.NewProfileExtensionConnection.start(NewProfileExtensionConnection.java:89)
                        	at org.openqa.selenium.firefox.FirefoxDriver.startClient(FirefoxDriver.java:246)
                        	at org.openqa.selenium.remote.RemoteWebDriver.&lt;init&gt;(RemoteWebDriver.java:114)
                        	at org.openqa.selenium.firefox.FirefoxDriver.&lt;init&gt;(FirefoxDriver.java:191)
                        	at org.openqa.selenium.firefox.FirefoxDriver.&lt;init&gt;(FirefoxDriver.java:186)
                        	at org.openqa.selenium.firefox.FirefoxDriver.&lt;init&gt;(FirefoxDriver.java:182)
                        	at org.openqa.selenium.firefox.FirefoxDriver.&lt;init&gt;(FirefoxDriver.java:99)
                        	at com.qtpselenium.framework.datadriven.TestBase.openBrowser(TestBase.java:108)
                        	at com.qtpselenium.framework.datadriven.PortFolioSuite.LoginTest.LoginTest(LoginTest.java:23)
                        	at sun.reflect.NativeMethodAccessorImpl.invoke0(Native Method)
                        	at sun.reflect.NativeMethodAccessorImpl.invoke(NativeMethodAccessorImpl.java:57)
                        	at sun.reflect.DelegatingMethodAccessorImpl.invoke(DelegatingMethodAccessorImpl.java:43)
                        	at java.lang.reflect.Method.invoke(Method.java:606)
                        	at org.testng.internal.MethodInvocationHelper.invokeMethod(MethodInvocationHelper.java:84)
                        	at org.testng.internal.Invoker.invokeMethod(Invoker.java:714)
                        	at org.testng.internal.Invoker.invokeTestMethod(Invoker.java:901)
                        	at org.testng.internal.Invoker.invokeTestMethods(Invoker.java:1231)
                        	at org.testng.internal.TestMethodWorker.invokeTestMethods(TestMethodWorker.java:127)
                        	at org.testng.internal.TestMethodWorker.run(TestMethodWorker.java:111)
                        	at org.testng.TestRunner.privateRun(TestRunner.java:767)
                        	at org.testng.TestRunner.run(TestRunner.java:617)
                        	at org.testng.SuiteRunner.runTest(SuiteRunner.java:348)
                        	at org.testng.SuiteRunner.runSequentially(SuiteRunner.java:343)
                        	at org.testng.SuiteRunner.privateRun(SuiteRunner.java:305)
                        	at org.testng.SuiteRunner.run(SuiteRunner.java:254)
                        	at org.testng.SuiteRunnerWorker.runSuite(SuiteRunnerWorker.java:52)
                        	at org.testng.SuiteRunnerWorker.run(SuiteRunnerWorker.java:86)
                        	at org.testng.TestNG.runSuitesSequentially(TestNG.java:1224)
                        	at org.testng.TestNG.runSuitesSequentially(TestNG.java:1220)
                        	at org.testng.TestNG.runSuitesLocally(TestNG.java:1149)
                        	at org.testng.TestNG.run(TestNG.java:1057)
                        	at org.apache.maven.surefire.testng.TestNGExecutor.run(TestNGExecutor.java:295)
                        	at org.apache.maven.surefire.testng.TestNGXmlTestSuite.execute(TestNGXmlTestSuite.java:84)
                        	at org.apache.maven.surefire.testng.TestNGProvider.invoke(TestNGProvider.java:90)
                        	at org.apache.maven.surefire.booter.ForkedBooter.invokeProviderInSameClassLoader(ForkedBooter.java:203)
                        	at org.apache.maven.surefire.booter.ForkedBooter.runSuitesInProcess(ForkedBooter.java:155)
                        	at org.apache.maven.surefire.booter.ForkedBooter.main(ForkedBooter.java:103)
                        Caused by: java.lang.ClassNotFoundException: org.w3c.dom.ElementTraversal
                        	at java.net.URLClassLoader$1.run(URLClassLoader.java:366)
                        	at java.net.URLClassLoader$1.run(URLClassLoader.java:355)
                        	at java.security.AccessController.doPrivileged(Native Method)
                        	at java.net.URLClassLoader.findClass(URLClassLoader.java:354)
                        	at java.lang.ClassLoader.loadClass(ClassLoader.java:425)
                        	at sun.misc.Launcher$AppClassLoader.loadClass(Launcher.java:308)
                        	at java.lang.ClassLoader.loadClass(ClassLoader.java:358)
                        	... 64 more
                     </pre>
                  </div>
               </td>
            </tr>
         </table>
         <br></br>
      </div>
      <div style="margin-top: 15px; color: gray; text-align: center; font-size: 9px;">
         Generated with
         
         <a href="http://code.google.com/p/testng-xslt/" style="color: #8888aa;"
            target="_blank">
            TestNG XSLT
            
         </a>
      </div>
   </body>
</html>