<?xml version="1.0" encoding="UTF-8"?>
<!-- Generated by org.testng.reporters.JUnitXMLReporter -->
<testsuite hostname="FRA36150" name="Login Test" tests="2" failures="0" timestamp="14 Nov 2014 18:10:54 GMT" time="0.519" errors="0">
  <testcase name="LoginTest" time="0.135" classname="com.qtpselenium.framework.datadriven.PortFolioSuite.LoginTest"/>
  <testcase name="LoginTest" time="0.012" classname="com.qtpselenium.framework.datadriven.PortFolioSuite.LoginTest"/>
</testsuite> <!-- Login Test -->
