<?xml version="1.0" encoding="UTF-8"?>
<!-- Generated by org.testng.reporters.JUnitXMLReporter -->
<testsuite hostname="FRA36150" name="Test 2" tests="3" failures="0" timestamp="14 Nov 2014 18:10:55 GMT" time="0.032" errors="0">
  <testcase name="test2" time="0.006" classname="com.qtpselenium.framework.datadriven.PortFolioSuite.Test2"/>
  <testcase name="test2" time="0.006" classname="com.qtpselenium.framework.datadriven.PortFolioSuite.Test2"/>
  <testcase name="test2" time="0.006" classname="com.qtpselenium.framework.datadriven.PortFolioSuite.Test2"/>
</testsuite> <!-- Test 2 -->
