<?xml version="1.0" encoding="UTF-8"?>
<!-- Generated by org.testng.reporters.JUnitXMLReporter -->
<testsuite hostname="FRA36150" name="Login Test" tests="2" failures="0" timestamp="15 Nov 2014 01:54:04 GMT" time="20.86" errors="0">
  <testcase name="LoginTest" time="10.613" classname="com.qtpselenium.framework.datadriven.PortFolioSuite.LoginTest"/>
  <testcase name="LoginTest" time="10.006" classname="com.qtpselenium.framework.datadriven.PortFolioSuite.LoginTest"/>
</testsuite> <!-- Login Test -->
