<?xml version="1.0" encoding="UTF-8"?>
<!-- Generated by org.testng.reporters.JUnitXMLReporter -->
<testsuite hostname="FRA36150" name="Test 2" tests="3" failures="0" timestamp="15 Nov 2014 01:54:04 GMT" time="0.024" errors="0">
  <testcase name="test2" time="0.008" classname="com.qtpselenium.framework.datadriven.suiteB.Test2"/>
  <testcase name="test2" time="0.005" classname="com.qtpselenium.framework.datadriven.suiteB.Test2"/>
  <testcase name="test2" time="0.004" classname="com.qtpselenium.framework.datadriven.suiteB.Test2"/>
</testsuite> <!-- Test 2 -->
