<?xml version="1.0" encoding="UTF-8"?>
<!-- Generated by org.testng.reporters.JUnitXMLReporter -->
<testsuite hostname="FRA36150" name="Test 2" tests="3" failures="0" timestamp="12 Nov 2014 20:29:32 GMT" time="0.03" errors="0">
  <testcase name="test2" time="0.005" classname="com.qtpselenium.framework.datadriven.suiteA.Test2"/>
  <testcase name="test2" time="0.007" classname="com.qtpselenium.framework.datadriven.suiteA.Test2"/>
  <testcase name="test2" time="0.006" classname="com.qtpselenium.framework.datadriven.suiteA.Test2"/>
</testsuite> <!-- Test 2 -->
